<?xml version="1.0" encoding="UTF-8"?>
<!-- Generated by org.testng.reporters.JUnitXMLReporter -->
<testsuite ignored="1" hostname="DESKTOP-2FC8JKB" failures="0" tests="1" name="Default test" time="45.299" errors="0" timestamp="2021-12-25T16:02:25 IST">
  <testcase classname="TEST_CLASSES.BaseUtilityKite" name="Validation" time="4.293"/>
  <testcase classname="TEST_CLASSES.BaseUtilityKite" name="errorHandleMsg" time="0.0">
    <ignored/>
  </testcase> <!-- errorHandleMsg -->
</testsuite> <!-- Default test -->
