<?xml version="1.0" encoding="UTF-8"?>
<!-- Generated by org.testng.reporters.JUnitXMLReporter -->
<testsuite ignored="1" hostname="DESKTOP-2FC8JKB" failures="0" tests="1" name="Kite_APP" time="37.494" errors="0" timestamp="2021-12-14T13:55:01 IST">
  <testcase classname="TEST_CLASSES.BaseUtilityKite" name="Validation" time="6.009"/>
  <testcase classname="TEST_CLASSES.BaseUtilityKite" name="errorHandleMsg" time="0.0">
    <ignored/>
  </testcase> <!-- errorHandleMsg -->
</testsuite> <!-- Kite_APP -->
